<?xml version="1.0" encoding="UTF-8"?>
<!-- Generated by org.testng.reporters.JUnitReportReporter -->
<testsuite hostname="Admin" failures="0" tests="1" name="TestCases.UnitTest1" time="0.000" errors="0" timestamp="03 Feb 2023 08:19:38 GMT" skipped="1">
  <testcase classname="TestCases.UnitTest1" name="Unit" time="0.000">
    <skipped/>
  </testcase> <!-- Unit -->
</testsuite> <!-- TestCases.UnitTest1 -->
