<?xml version="1.0" encoding="UTF-8"?>
<!-- Generated by org.testng.reporters.JUnitReportReporter -->
<testsuite hostname="Admin" failures="0" tests="1" name="TestCases.Radio" time="6.566" errors="0" timestamp="03 Feb 2023 03:50:02 GMT" skipped="0">
  <testcase classname="TestCases.Radio" name="RadioButtons" time="6.566"/>
</testsuite> <!-- TestCases.Radio -->
