<?xml version="1.0" encoding="UTF-8"?>
<!-- Generated by org.testng.reporters.JUnitReportReporter -->
<testsuite hostname="Admin" failures="0" tests="1" name="TestCases.Material_Main_CateTest" time="3.620" errors="0" timestamp="02 Feb 2023 07:14:59 GMT" skipped="0">
  <testcase classname="TestCases.Material_Main_CateTest" name="Drop" time="3.620"/>
</testsuite> <!-- TestCases.Material_Main_CateTest -->
