<?xml version="1.0" encoding="UTF-8"?>
<!-- Generated by org.testng.reporters.JUnitReportReporter -->
<testsuite hostname="Admin" failures="0" tests="1" name="TestCases.LoginTest" time="0.000" errors="0" timestamp="03 Feb 2023 08:19:38 GMT" skipped="1">
  <testcase classname="TestCases.LoginTest" name="Login" time="0.000">
    <skipped/>
  </testcase> <!-- Login -->
</testsuite> <!-- TestCases.LoginTest -->
