<?xml version="1.0" encoding="UTF-8"?>
<!-- Generated by org.testng.reporters.JUnitReportReporter -->
<testsuite hostname="Admin" failures="0" tests="1" name="TestCases.AdminTest" time="20.418" errors="0" timestamp="30 Jan 2023 11:00:32 GMT" skipped="0">
  <testcase classname="TestCases.AdminTest" name="adminButton" time="20.418"/>
</testsuite> <!-- TestCases.AdminTest -->
